c:\users\menrit.mosaad\desktop\lab 7 (1)\lab 7\openglmeshloader\debug\vc120.pdb
c:\users\menrit.mosaad\desktop\lab 7 (1)\lab 7\openglmeshloader\debug\vc120.idb
c:\users\menrit.mosaad\desktop\lab 7 (1)\lab 7\openglmeshloader\debug\gltexture.obj
c:\users\menrit.mosaad\desktop\lab 7 (1)\lab 7\openglmeshloader\debug\model_3ds.obj
c:\users\menrit.mosaad\desktop\lab 7 (1)\lab 7\openglmeshloader\debug\openglmeshloader.obj
c:\users\lenovo\desktop\zombie game\openglmeshloader\debug\vc141.pdb
c:\users\lenovo\desktop\zombie game\openglmeshloader\debug\vc141.idb
c:\users\lenovo\desktop\zombie game\openglmeshloader\debug\openglmeshloader.obj
c:\users\lenovo\desktop\zombie game\openglmeshloader\debug\model_3ds.obj
c:\users\lenovo\desktop\zombie game\openglmeshloader\debug\gltexture.obj
c:\users\menrit.mosaad\desktop\lab 7 (1)\lab 7\openglmeshloader\debug\openglmeshloader.exe
c:\users\menrit.mosaad\desktop\lab 7 (1)\lab 7\openglmeshloader\debug\openglmeshloader.pdb
c:\users\lenovo\desktop\zombie game\openglmeshloader\debug\lnk{5aab9462-2051-4d68-983f-fac93f01eb96}.tmp
c:\users\lenovo\desktop\zombie game\openglmeshloader\debug\vc120.idb
c:\users\lenovo\desktop\zombie game\openglmeshloader\debug\openglmeshloader.pdb
c:\users\lenovo\desktop\zombie game\openglmeshloader\debug\vc120.pdb
c:\users\lenovo\desktop\zombie game\openglmeshloader\debug\openglmeshloader.tlog\cl.command.1.tlog
c:\users\lenovo\desktop\zombie game\openglmeshloader\debug\openglmeshloader.tlog\cl.read.1.tlog
c:\users\lenovo\desktop\zombie game\openglmeshloader\debug\openglmeshloader.tlog\cl.write.1.tlog
c:\users\lenovo\desktop\zombie game\openglmeshloader\debug\openglmeshloader.tlog\link-cvtres.read.1.tlog
c:\users\lenovo\desktop\zombie game\openglmeshloader\debug\openglmeshloader.tlog\link-cvtres.write.1.tlog
c:\users\lenovo\desktop\zombie game\openglmeshloader\debug\openglmeshloader.tlog\link-rc.read.1.tlog
c:\users\lenovo\desktop\zombie game\openglmeshloader\debug\openglmeshloader.tlog\link-rc.write.1.tlog
c:\users\lenovo\desktop\zombie game\openglmeshloader\debug\openglmeshloader.tlog\link.command.1.tlog
c:\users\lenovo\desktop\zombie game\openglmeshloader\debug\openglmeshloader.tlog\link.delete.1.tlog
c:\users\lenovo\desktop\zombie game\openglmeshloader\debug\openglmeshloader.tlog\link.read.1.tlog
c:\users\lenovo\desktop\zombie game\openglmeshloader\debug\openglmeshloader.tlog\link.write.1.tlog
